2022-10-22T02:02:07+00:00 CRITICAL Uncaught Error: Call to a member function get_billing_first_name() on null in /home/diwehost/domains/diwe.com.vn/public_html/bamboo/wp-content/plugins/woocommerce/templates/emails/customer-processing-order.php:28
Stack trace:
#0 /home/diwehost/domains/diwe.com.vn/public_html/bamboo/wp-content/plugins/yith-woocommerce-booking-premium/templates/emails/admin-new-booking.php(8): include()
#1 /home/diwehost/domains/diwe.com.vn/public_html/bamboo/wp-content/plugins/woocommerce/includes/wc-core-functions.php(345): include('/home/diwehost/...')
#2 /home/diwehost/domains/diwe.com.vn/public_html/bamboo/wp-content/plugins/woocommerce/includes/wc-core-functions.php(364): wc_get_template('emails/admin-ne...', Array, '', '/home/diwehost/...')
#3 /home/diwehost/domains/diwe.com.vn/public_html/bamboo/wp-content/plugins/yith-woocommerce-booking-premium/includes/emails/class.yith-wcbk-email.php(89): wc_get_template_html('emails/admin-ne...', Array, '', '/home/diwehost/...')
#4 /home/diwehost/domains/diwe.com.vn/public_html/bam in /home/diwehost/domains/diwe.com.vn/public_html/bamboo/wp-content/plugins/woocommerce/templates/emails/customer-processing-order.php on line 28

2022-10-22T02:05:26+00:00 CRITICAL Uncaught Error: Call to a member function has_downloadable_item() on null in /home/diwehost/domains/diwe.com.vn/public_html/bamboo/wp-content/plugins/woocommerce/includes/class-wc-emails.php:437
Stack trace:
#0 /home/diwehost/domains/diwe.com.vn/public_html/bamboo/wp-includes/class-wp-hook.php(307): WC_Emails->order_downloads(NULL, true, false, Object(YITH_WCBK_Email_Admin_New_Booking))
#1 /home/diwehost/domains/diwe.com.vn/public_html/bamboo/wp-includes/class-wp-hook.php(331): WP_Hook->apply_filters('', Array)
#2 /home/diwehost/domains/diwe.com.vn/public_html/bamboo/wp-includes/plugin.php(476): WP_Hook->do_action(Array)
#3 /home/diwehost/domains/diwe.com.vn/public_html/bamboo/wp-content/plugins/yith-woocommerce-booking-premium/templates/emails/admin-new-booking.php(20): do_action('woocommerce_ema...', NULL, true, false, Object(YITH_WCBK_Email_Admin_New_Booking))
#4 /home/diwehost/domains/diwe.com.vn/public_html/bamboo/wp-content/plugins/woocommerce/includes/wc-core-functions.php(345): include('/home/diwehost in /home/diwehost/domains/diwe.com.vn/public_html/bamboo/wp-content/plugins/woocommerce/includes/class-wc-emails.php on line 437

2022-10-22T02:24:02+00:00 CRITICAL Uncaught Error: Call to a member function has_downloadable_item() on null in /home/diwehost/domains/diwe.com.vn/public_html/bamboo/wp-content/plugins/woocommerce/includes/class-wc-emails.php:437
Stack trace:
#0 /home/diwehost/domains/diwe.com.vn/public_html/bamboo/wp-includes/class-wp-hook.php(307): WC_Emails->order_downloads(NULL, true, false, Object(YITH_WCBK_Email_Admin_New_Booking))
#1 /home/diwehost/domains/diwe.com.vn/public_html/bamboo/wp-includes/class-wp-hook.php(331): WP_Hook->apply_filters('', Array)
#2 /home/diwehost/domains/diwe.com.vn/public_html/bamboo/wp-includes/plugin.php(476): WP_Hook->do_action(Array)
#3 /home/diwehost/domains/diwe.com.vn/public_html/bamboo/wp-content/plugins/yith-woocommerce-booking-premium/templates/emails/admin-new-booking.php(20): do_action('woocommerce_ema...', NULL, true, false, Object(YITH_WCBK_Email_Admin_New_Booking))
#4 /home/diwehost/domains/diwe.com.vn/public_html/bamboo/wp-content/plugins/woocommerce/includes/wc-core-functions.php(345): include('/home/diwehost in /home/diwehost/domains/diwe.com.vn/public_html/bamboo/wp-content/plugins/woocommerce/includes/class-wc-emails.php on line 437

2022-10-22T02:25:24+00:00 CRITICAL Uncaught Error: Call to a member function has_downloadable_item() on null in /home/diwehost/domains/diwe.com.vn/public_html/bamboo/wp-content/plugins/woocommerce/includes/class-wc-emails.php:437
Stack trace:
#0 /home/diwehost/domains/diwe.com.vn/public_html/bamboo/wp-includes/class-wp-hook.php(307): WC_Emails->order_downloads(NULL, true, false, Object(YITH_WCBK_Email_Admin_New_Booking))
#1 /home/diwehost/domains/diwe.com.vn/public_html/bamboo/wp-includes/class-wp-hook.php(331): WP_Hook->apply_filters('', Array)
#2 /home/diwehost/domains/diwe.com.vn/public_html/bamboo/wp-includes/plugin.php(476): WP_Hook->do_action(Array)
#3 /home/diwehost/domains/diwe.com.vn/public_html/bamboo/wp-content/plugins/yith-woocommerce-booking-premium/templates/emails/admin-new-booking.php(20): do_action('woocommerce_ema...', NULL, true, false, Object(YITH_WCBK_Email_Admin_New_Booking))
#4 /home/diwehost/domains/diwe.com.vn/public_html/bamboo/wp-content/plugins/woocommerce/includes/wc-core-functions.php(345): include('/home/diwehost in /home/diwehost/domains/diwe.com.vn/public_html/bamboo/wp-content/plugins/woocommerce/includes/class-wc-emails.php on line 437

2022-10-22T02:28:21+00:00 CRITICAL Uncaught Error: Call to a member function has_downloadable_item() on null in /home/diwehost/domains/diwe.com.vn/public_html/bamboo/wp-content/plugins/woocommerce/includes/class-wc-emails.php:437
Stack trace:
#0 /home/diwehost/domains/diwe.com.vn/public_html/bamboo/wp-includes/class-wp-hook.php(307): WC_Emails->order_downloads(NULL, true, false, Object(YITH_WCBK_Email_Admin_New_Booking))
#1 /home/diwehost/domains/diwe.com.vn/public_html/bamboo/wp-includes/class-wp-hook.php(331): WP_Hook->apply_filters('', Array)
#2 /home/diwehost/domains/diwe.com.vn/public_html/bamboo/wp-includes/plugin.php(476): WP_Hook->do_action(Array)
#3 /home/diwehost/domains/diwe.com.vn/public_html/bamboo/wp-content/plugins/yith-woocommerce-booking-premium/templates/emails/admin-new-booking.php(20): do_action('woocommerce_ema...', NULL, true, false, Object(YITH_WCBK_Email_Admin_New_Booking))
#4 /home/diwehost/domains/diwe.com.vn/public_html/bamboo/wp-content/plugins/woocommerce/includes/wc-core-functions.php(345): include('/home/diwehost in /home/diwehost/domains/diwe.com.vn/public_html/bamboo/wp-content/plugins/woocommerce/includes/class-wc-emails.php on line 437

