2022-10-21T10:11:21+00:00 CRITICAL Uncaught Error: Call to a member function get_billing_first_name() on null in /home/diwehost/domains/diwe.com.vn/public_html/bamboo/wp-content/plugins/yith-woocommerce-booking-premium/templates/emails/admin-new-booking.php:15
Stack trace:
#0 /home/diwehost/domains/diwe.com.vn/public_html/bamboo/wp-content/plugins/woocommerce/includes/wc-core-functions.php(345): include()
#1 /home/diwehost/domains/diwe.com.vn/public_html/bamboo/wp-content/plugins/woocommerce/includes/wc-core-functions.php(364): wc_get_template('emails/admin-ne...', Array, '', '/home/diwehost/...')
#2 /home/diwehost/domains/diwe.com.vn/public_html/bamboo/wp-content/plugins/yith-woocommerce-booking-premium/includes/emails/class.yith-wcbk-email.php(89): wc_get_template_html('emails/admin-ne...', Array, '', '/home/diwehost/...')
#3 /home/diwehost/domains/diwe.com.vn/public_html/bamboo/wp-content/plugins/woocommerce/includes/emails/class-wc-email.php(574): YITH_WCBK_Email->get_content_html()
#4 /home/diwehost/domains/diwe.com.vn/public_html/bamboo/ in /home/diwehost/domains/diwe.com.vn/public_html/bamboo/wp-content/plugins/yith-woocommerce-booking-premium/templates/emails/admin-new-booking.php on line 15

2022-10-21T10:11:35+00:00 CRITICAL Uncaught Error: Call to a member function get_billing_first_name() on null in /home/diwehost/domains/diwe.com.vn/public_html/bamboo/wp-content/plugins/yith-woocommerce-booking-premium/templates/emails/admin-new-booking.php:15
Stack trace:
#0 /home/diwehost/domains/diwe.com.vn/public_html/bamboo/wp-content/plugins/woocommerce/includes/wc-core-functions.php(345): include()
#1 /home/diwehost/domains/diwe.com.vn/public_html/bamboo/wp-content/plugins/woocommerce/includes/wc-core-functions.php(364): wc_get_template('emails/admin-ne...', Array, '', '/home/diwehost/...')
#2 /home/diwehost/domains/diwe.com.vn/public_html/bamboo/wp-content/plugins/yith-woocommerce-booking-premium/includes/emails/class.yith-wcbk-email.php(89): wc_get_template_html('emails/admin-ne...', Array, '', '/home/diwehost/...')
#3 /home/diwehost/domains/diwe.com.vn/public_html/bamboo/wp-content/plugins/woocommerce/includes/emails/class-wc-email.php(574): YITH_WCBK_Email->get_content_html()
#4 /home/diwehost/domains/diwe.com.vn/public_html/bamboo/ in /home/diwehost/domains/diwe.com.vn/public_html/bamboo/wp-content/plugins/yith-woocommerce-booking-premium/templates/emails/admin-new-booking.php on line 15

2022-10-21T10:11:48+00:00 CRITICAL Uncaught Error: Call to a member function get_billing_first_name() on null in /home/diwehost/domains/diwe.com.vn/public_html/bamboo/wp-content/plugins/yith-woocommerce-booking-premium/templates/emails/admin-new-booking.php:15
Stack trace:
#0 /home/diwehost/domains/diwe.com.vn/public_html/bamboo/wp-content/plugins/woocommerce/includes/wc-core-functions.php(345): include()
#1 /home/diwehost/domains/diwe.com.vn/public_html/bamboo/wp-content/plugins/woocommerce/includes/wc-core-functions.php(364): wc_get_template('emails/admin-ne...', Array, '', '/home/diwehost/...')
#2 /home/diwehost/domains/diwe.com.vn/public_html/bamboo/wp-content/plugins/yith-woocommerce-booking-premium/includes/emails/class.yith-wcbk-email.php(89): wc_get_template_html('emails/admin-ne...', Array, '', '/home/diwehost/...')
#3 /home/diwehost/domains/diwe.com.vn/public_html/bamboo/wp-content/plugins/woocommerce/includes/emails/class-wc-email.php(574): YITH_WCBK_Email->get_content_html()
#4 /home/diwehost/domains/diwe.com.vn/public_html/bamboo/ in /home/diwehost/domains/diwe.com.vn/public_html/bamboo/wp-content/plugins/yith-woocommerce-booking-premium/templates/emails/admin-new-booking.php on line 15

2022-10-21T10:12:17+00:00 CRITICAL Uncaught Error: Call to a member function get_billing_first_name() on null in /home/diwehost/domains/diwe.com.vn/public_html/bamboo/wp-content/plugins/yith-woocommerce-booking-premium/templates/emails/admin-new-booking.php:15
Stack trace:
#0 /home/diwehost/domains/diwe.com.vn/public_html/bamboo/wp-content/plugins/woocommerce/includes/wc-core-functions.php(345): include()
#1 /home/diwehost/domains/diwe.com.vn/public_html/bamboo/wp-content/plugins/woocommerce/includes/wc-core-functions.php(364): wc_get_template('emails/admin-ne...', Array, '', '/home/diwehost/...')
#2 /home/diwehost/domains/diwe.com.vn/public_html/bamboo/wp-content/plugins/yith-woocommerce-booking-premium/includes/emails/class.yith-wcbk-email.php(89): wc_get_template_html('emails/admin-ne...', Array, '', '/home/diwehost/...')
#3 /home/diwehost/domains/diwe.com.vn/public_html/bamboo/wp-content/plugins/woocommerce/includes/emails/class-wc-email.php(574): YITH_WCBK_Email->get_content_html()
#4 /home/diwehost/domains/diwe.com.vn/public_html/bamboo/ in /home/diwehost/domains/diwe.com.vn/public_html/bamboo/wp-content/plugins/yith-woocommerce-booking-premium/templates/emails/admin-new-booking.php on line 15

2022-10-21T10:13:08+00:00 CRITICAL Uncaught Error: Call to a member function get_billing_first_name() on null in /home/diwehost/domains/diwe.com.vn/public_html/bamboo/wp-content/plugins/yith-woocommerce-booking-premium/templates/emails/admin-new-booking.php:15
Stack trace:
#0 /home/diwehost/domains/diwe.com.vn/public_html/bamboo/wp-content/plugins/woocommerce/includes/wc-core-functions.php(345): include()
#1 /home/diwehost/domains/diwe.com.vn/public_html/bamboo/wp-content/plugins/woocommerce/includes/wc-core-functions.php(364): wc_get_template('emails/admin-ne...', Array, '', '/home/diwehost/...')
#2 /home/diwehost/domains/diwe.com.vn/public_html/bamboo/wp-content/plugins/yith-woocommerce-booking-premium/includes/emails/class.yith-wcbk-email.php(89): wc_get_template_html('emails/admin-ne...', Array, '', '/home/diwehost/...')
#3 /home/diwehost/domains/diwe.com.vn/public_html/bamboo/wp-content/plugins/woocommerce/includes/emails/class-wc-email.php(574): YITH_WCBK_Email->get_content_html()
#4 /home/diwehost/domains/diwe.com.vn/public_html/bamboo/ in /home/diwehost/domains/diwe.com.vn/public_html/bamboo/wp-content/plugins/yith-woocommerce-booking-premium/templates/emails/admin-new-booking.php on line 15

2022-10-21T10:19:40+00:00 CRITICAL Uncaught Error: Call to a member function get_name() on null in /home/diwehost/domains/diwe.com.vn/public_html/bamboo/wp-content/plugins/woocommerce/templates/emails/customer-processing-order.php:31
Stack trace:
#0 /home/diwehost/domains/diwe.com.vn/public_html/bamboo/wp-content/plugins/woocommerce/includes/wc-core-functions.php(345): include()
#1 /home/diwehost/domains/diwe.com.vn/public_html/bamboo/wp-content/plugins/woocommerce/includes/wc-core-functions.php(364): wc_get_template('emails/customer...', Array, '', '')
#2 /home/diwehost/domains/diwe.com.vn/public_html/bamboo/wp-content/plugins/woocommerce/includes/emails/class-wc-email-customer-processing-order.php(113): wc_get_template_html('emails/customer...', Array)
#3 /home/diwehost/domains/diwe.com.vn/public_html/bamboo/wp-content/plugins/woocommerce/includes/emails/class-wc-email.php(574): WC_Email_Customer_Processing_Order->get_content_html()
#4 /home/diwehost/domains/diwe.com.vn/public_html/bamboo/wp-content/plugins/woocommerce/includes/emails/class- in /home/diwehost/domains/diwe.com.vn/public_html/bamboo/wp-content/plugins/woocommerce/templates/emails/customer-processing-order.php on line 31

