12-22-2022 @ 07:05:06 - Step 1 -------------------------------------------------
- User id: chua login
- Alepay token: chua lien ket
12-22-2022 @ 07:05:59 - Step 2 -----------
- Order id: 1985
- Phuong thuc thanh toan: thuong
- Chua lien ket the khi thanh toan
- Alepay tra ve checkoutUrl: https://alepay.nganluong.vn/checkout/vi/v3/index/102ec302e2894a9f990619cedbeac6d4
12-22-2022 @ 08:43:58 - Step 1 -------------------------------------------------
- User id: chua login
- Alepay token: chua lien ket
12-22-2022 @ 09:01:17 - Step 1 -------------------------------------------------
- User id: 1
- Alepay token: chua lien ket
12-22-2022 @ 09:01:58 - Step 2 -----------
- Order id: 1987
- Phuong thuc thanh toan: thuong
- Chua lien ket the khi thanh toan
- Alepay tra ve checkoutUrl: https://alepay.nganluong.vn/checkout/vi/v3/index/abd7d9877bb74439bd03a283a05c0ed5
12-22-2022 @ 09:02:04 - Step 1 -------------------------------------------------
- User id: 1
- Alepay token: chua lien ket
12-22-2022 @ 10:43:58 - Step 1 -------------------------------------------------
- User id: 4
- Alepay token: chua lien ket
12-22-2022 @ 10:44:19 - Step 1 -------------------------------------------------
- User id: 4
- Alepay token: chua lien ket
12-22-2022 @ 10:44:44 - Step 2 -----------
- Order id: 1989
- Phuong thuc thanh toan: thuong
- Chua lien ket the khi thanh toan
- Alepay tra ve checkoutUrl: https://alepay.nganluong.vn/checkout/vi/v3/index/ab590ec508b4479e83556d388cf03244
12-22-2022 @ 10:44:58 - Step 2 -----------
- Order id: 1989
- Phuong thuc thanh toan: thuong
- Chua lien ket the khi thanh toan
- Alepay tra ve checkoutUrl: https://alepay.nganluong.vn/checkout/vi/v3/index/5bd9b1e4e9d547b98a1955b8e98588ae
