12-21-2022 @ 09:53:24 - Step 1 -------------------------------------------------
- User id: chua login
- Alepay token: chua lien ket
12-21-2022 @ 09:53:41 - Step 2 -----------
- Order id: 1967
- Phuong thuc thanh toan: thuong
- Chua lien ket the khi thanh toan
- Alepay tra ve checkoutUrl: https://alepay.nganluong.vn/checkout/vi/v3/index/b2be80b27a7b4d608af25053c61393b1
12-21-2022 @ 18:21:53 - Step 1 -------------------------------------------------
- User id: chua login
- Alepay token: chua lien ket
12-21-2022 @ 18:27:15 - Step 1 -------------------------------------------------
- User id: chua login
- Alepay token: chua lien ket
12-21-2022 @ 18:30:01 - Step 1 -------------------------------------------------
- User id: chua login
- Alepay token: chua lien ket
12-21-2022 @ 18:32:10 - Step 2 -----------
- Order id: 1970
- Phuong thuc thanh toan: thuong
- Chua lien ket the khi thanh toan
- Alepay tra ve checkoutUrl: https://alepay.nganluong.vn/checkout/vi/v3/index/8ca3e76f09164f2d80a0ba5f0be17514
12-21-2022 @ 18:33:30 - Step 1 -------------------------------------------------
- User id: chua login
- Alepay token: chua lien ket
12-21-2022 @ 18:35:58 - Step 1 -------------------------------------------------
- User id: chua login
- Alepay token: chua lien ket
12-21-2022 @ 22:47:30 - Step 1 -------------------------------------------------
- User id: chua login
- Alepay token: chua lien ket
12-21-2022 @ 22:55:08 - Step 1 -------------------------------------------------
- User id: chua login
- Alepay token: chua lien ket
12-21-2022 @ 22:55:42 - Step 1 -------------------------------------------------
- User id: chua login
- Alepay token: chua lien ket
12-21-2022 @ 22:56:33 - Step 1 -------------------------------------------------
- User id: chua login
- Alepay token: chua lien ket
12-21-2022 @ 23:00:44 - Step 1 -------------------------------------------------
- User id: chua login
- Alepay token: chua lien ket
12-21-2022 @ 23:02:28 - Step 1 -------------------------------------------------
- User id: chua login
- Alepay token: chua lien ket
12-21-2022 @ 23:05:32 - Step 2 -----------
- Order id: 1971
- Phuong thuc thanh toan: thuong
- Chua lien ket the khi thanh toan
- Alepay tra ve checkoutUrl: https://alepay.nganluong.vn/checkout/vi/v3/index/5943079fbaa94e7f8e29e276aed53252
12-21-2022 @ 23:08:25 - Step 1 -------------------------------------------------
- User id: chua login
- Alepay token: chua lien ket
12-21-2022 @ 23:09:16 - Step 1 -------------------------------------------------
- User id: chua login
- Alepay token: chua lien ket
12-21-2022 @ 23:12:02 - Step 1 -------------------------------------------------
- User id: chua login
- Alepay token: chua lien ket
12-21-2022 @ 23:14:47 - Step 1 -------------------------------------------------
- User id: chua login
- Alepay token: chua lien ket
12-21-2022 @ 23:21:25 - Step 1 -------------------------------------------------
- User id: chua login
- Alepay token: chua lien ket
12-21-2022 @ 23:28:02 - Step 1 -------------------------------------------------
- User id: chua login
- Alepay token: chua lien ket
12-21-2022 @ 23:29:06 - Step 2 -----------
- Order id: 1975
- Phuong thuc thanh toan: thuong
- Chua lien ket the khi thanh toan
- Alepay tra ve checkoutUrl: https://alepay.nganluong.vn/checkout/vi/v3/index/01bd44d8711f46a69c9e52c6482bd16c
12-21-2022 @ 23:31:53 - Step 1 -------------------------------------------------
- User id: chua login
- Alepay token: chua lien ket
12-21-2022 @ 23:39:35 - Step 1 -------------------------------------------------
- User id: chua login
- Alepay token: chua lien ket
12-21-2022 @ 23:45:51 - Step 1 -------------------------------------------------
- User id: chua login
- Alepay token: chua lien ket
12-21-2022 @ 23:48:08 - Step 1 -------------------------------------------------
- User id: chua login
- Alepay token: chua lien ket
12-21-2022 @ 23:51:54 - Step 1 -------------------------------------------------
- User id: chua login
- Alepay token: chua lien ket
12-21-2022 @ 23:55:45 - Step 1 -------------------------------------------------
- User id: chua login
- Alepay token: chua lien ket
12-22-2022 @ 00:11:10 - Step 1 -------------------------------------------------
- User id: chua login
- Alepay token: chua lien ket
12-22-2022 @ 06:32:06 - Step 1 -------------------------------------------------
- User id: chua login
- Alepay token: chua lien ket
12-22-2022 @ 06:58:49 - Step 1 -------------------------------------------------
- User id: chua login
- Alepay token: chua lien ket
