11-30-2022 @ 14:26:04 - Step 1 -------------------------------------------------
- User id: chua login
- Alepay token: chua lien ket
11-30-2022 @ 14:27:25 - Step 1 -------------------------------------------------
- User id: chua login
- Alepay token: chua lien ket
11-30-2022 @ 15:32:12 - Step 1 -------------------------------------------------
- User id: chua login
- Alepay token: chua lien ket
11-30-2022 @ 17:54:50 - Step 1 -------------------------------------------------
- User id: chua login
- Alepay token: chua lien ket
11-30-2022 @ 23:30:36 - Step 1 -------------------------------------------------
- User id: chua login
- Alepay token: chua lien ket
11-30-2022 @ 23:31:11 - Step 2 -----------
- Order id: 1879
- Phuong thuc thanh toan: thuong
- Chua lien ket the khi thanh toan
- Alepay tra ve loi: Token key không hợp lệ
