12-20-2022 @ 11:45:08 - Step 1 -------------------------------------------------
- User id: 1
- Alepay token: chua lien ket
12-20-2022 @ 11:48:52 - Step 1 -------------------------------------------------
- User id: 1
- Alepay token: chua lien ket
12-20-2022 @ 16:09:27 - Step 1 -------------------------------------------------
- User id: 1
- Alepay token: chua lien ket
12-20-2022 @ 16:10:12 - Step 2 -----------
- Order id: 1962
- Phuong thuc thanh toan: thuong
- Chua lien ket the khi thanh toan
- Alepay tra ve loi: Token key không hợp lệ
12-20-2022 @ 16:10:30 - Step 2 -----------
- Order id: 1962
- Phuong thuc thanh toan: thuong
- Chua lien ket the khi thanh toan
- Alepay tra ve loi: Token key không hợp lệ
12-20-2022 @ 16:33:05 - Step 1 -------------------------------------------------
- User id: 1
- Alepay token: chua lien ket
12-20-2022 @ 16:33:48 - Step 1 -------------------------------------------------
- User id: 1
- Alepay token: chua lien ket
12-20-2022 @ 16:34:05 - Step 2 -----------
- Order id: 1963
- Phuong thuc thanh toan: thuong
- Chua lien ket the khi thanh toan
- Alepay tra ve loi: Địa chỉ người mua không hợp lệ
12-20-2022 @ 16:34:45 - Step 2 -----------
- Order id: 1963
- Phuong thuc thanh toan: thuong
- Chua lien ket the khi thanh toan
- Alepay tra ve loi: Địa chỉ người mua không hợp lệ
12-20-2022 @ 16:34:55 - Step 2 -----------
- Order id: 1963
- Phuong thuc thanh toan: thuong
- Chua lien ket the khi thanh toan
- Alepay tra ve loi: Địa chỉ người mua không hợp lệ
12-20-2022 @ 16:35:02 - Step 2 -----------
- Order id: 1963
- Phuong thuc thanh toan: thuong
- Chua lien ket the khi thanh toan
- Alepay tra ve loi: Địa chỉ người mua không hợp lệ
12-20-2022 @ 16:39:43 - Step 1 -------------------------------------------------
- User id: 1
- Alepay token: chua lien ket
12-20-2022 @ 16:40:23 - Step 2 -----------
- Order id: 1964
- Phuong thuc thanh toan: thuong
- Chua lien ket the khi thanh toan
- Alepay tra ve loi: Địa chỉ người mua không hợp lệ
12-20-2022 @ 17:01:56 - Step 1 -------------------------------------------------
- User id: chua login
- Alepay token: chua lien ket
12-20-2022 @ 17:02:25 - Step 2 -----------
- Order id: 1965
- Phuong thuc thanh toan: thuong
- Chua lien ket the khi thanh toan
- Alepay tra ve loi: Địa chỉ người mua không hợp lệ
12-20-2022 @ 17:03:08 - Step 2 -----------
- Order id: 1965
- Phuong thuc thanh toan: thuong
- Chua lien ket the khi thanh toan
- Alepay tra ve loi: Địa chỉ người mua không hợp lệ
12-20-2022 @ 17:03:17 - Step 2 -----------
- Order id: 1965
- Phuong thuc thanh toan: thuong
- Chua lien ket the khi thanh toan
- Alepay tra ve loi: Địa chỉ người mua không hợp lệ
12-20-2022 @ 17:51:31 - Step 1 -------------------------------------------------
- User id: chua login
- Alepay token: chua lien ket
12-20-2022 @ 17:51:39 - Step 1 -------------------------------------------------
- User id: chua login
- Alepay token: chua lien ket
12-20-2022 @ 17:51:52 - Step 2 -----------
- Order id: 1965
- Phuong thuc thanh toan: thuong
- Chua lien ket the khi thanh toan
- Alepay tra ve loi: quốc gia người mua không hợp lệ
12-20-2022 @ 17:51:59 - Step 2 -----------
- Order id: 1965
- Phuong thuc thanh toan: thuong
- Chua lien ket the khi thanh toan
- Alepay tra ve loi: quốc gia người mua không hợp lệ
12-20-2022 @ 17:52:05 - Step 2 -----------
- Order id: 1965
- Phuong thuc thanh toan: thuong
- Chua lien ket the khi thanh toan
- Alepay tra ve loi: quốc gia người mua không hợp lệ
12-20-2022 @ 17:53:56 - Step 2 -----------
- Order id: 1965
- Phuong thuc thanh toan: thuong
- Chua lien ket the khi thanh toan
- Alepay tra ve loi: quốc gia người mua không hợp lệ
12-20-2022 @ 17:54:04 - Step 1 -------------------------------------------------
- User id: chua login
- Alepay token: chua lien ket
12-20-2022 @ 17:54:22 - Step 2 -----------
- Order id: 1965
- Phuong thuc thanh toan: thuong
- Chua lien ket the khi thanh toan
- Alepay tra ve loi: quốc gia người mua không hợp lệ
12-20-2022 @ 17:56:47 - Step 1 -------------------------------------------------
- User id: chua login
- Alepay token: chua lien ket
12-20-2022 @ 17:57:00 - Step 2 -----------
- Order id: 1965
- Phuong thuc thanh toan: thuong
- Chua lien ket the khi thanh toan
- Alepay tra ve loi: quốc gia người mua không hợp lệ
12-20-2022 @ 17:58:19 - Step 1 -------------------------------------------------
- User id: chua login
- Alepay token: chua lien ket
12-20-2022 @ 17:58:46 - Step 2 -----------
- Order id: 1965
- Phuong thuc thanh toan: thuong
- Chua lien ket the khi thanh toan
- Alepay tra ve loi: quốc gia người mua không hợp lệ
12-20-2022 @ 17:59:58 - Step 1 -------------------------------------------------
- User id: chua login
- Alepay token: chua lien ket
12-20-2022 @ 18:00:11 - Step 2 -----------
- Order id: 1965
- Phuong thuc thanh toan: thuong
- Chua lien ket the khi thanh toan
- Alepay tra ve loi: quốc gia người mua không hợp lệ
12-20-2022 @ 18:02:35 - Step 1 -------------------------------------------------
- User id: chua login
- Alepay token: chua lien ket
12-20-2022 @ 18:02:50 - Step 2 -----------
- Order id: 1965
- Phuong thuc thanh toan: thuong
- Chua lien ket the khi thanh toan
- Alepay tra ve loi: quốc gia người mua không hợp lệ
12-20-2022 @ 18:08:25 - Step 1 -------------------------------------------------
- User id: chua login
- Alepay token: chua lien ket
12-20-2022 @ 18:08:39 - Step 2 -----------
- Order id: 1965
- Phuong thuc thanh toan: thuong
- Chua lien ket the khi thanh toan
- Alepay tra ve checkoutUrl: https://alepay.nganluong.vn/checkout/vi/v3/index/529dcaa047144570b5e4b9fdef56e0f5
12-20-2022 @ 18:15:49 - Step 1 -------------------------------------------------
- User id: chua login
- Alepay token: chua lien ket
12-20-2022 @ 18:16:26 - Step 2 -----------
- Order id: 1966
- Phuong thuc thanh toan: thuong
- Chua lien ket the khi thanh toan
- Alepay tra ve checkoutUrl: https://alepay.nganluong.vn/checkout/vi/v3/index/9b964a1c7667434d8817f3f297ec1244
